<?xml version="1.0" encoding="UTF-8"?>
<testng-results skipped="0" failed="1" ignored="0" total="7" passed="6">
  <reporter-output>
  </reporter-output>
  <suite name="Suite1" duration-ms="110122" started-at="2018-06-26T02:16:48Z" finished-at="2018-06-26T02:18:39Z">
    <groups>
    </groups>
    <test name="Automation" duration-ms="110122" started-at="2018-06-26T02:16:48Z" finished-at="2018-06-26T02:18:39Z">
      <class name="testCases.SignUpTest">
        <test-method status="PASS" signature="startReport()[pri:0, instance:testCases.SignUpTest@97e1986]" name="startReport" is-config="true" duration-ms="13" started-at="2018-06-26T02:16:48Z" finished-at="2018-06-26T02:16:49Z">
          <reporter-output>
          </reporter-output>
        </test-method> <!-- startReport -->
        <test-method status="PASS" signature="setUp()[pri:0, instance:testCases.SignUpTest@97e1986]" name="setUp" is-config="true" duration-ms="5348" started-at="2018-06-26T02:16:49Z" finished-at="2018-06-26T02:16:54Z">
          <reporter-output>
          </reporter-output>
        </test-method> <!-- setUp -->
        <test-method status="FAIL" signature="discoveryCategoryFranceSignUp()[pri:0, instance:testCases.SignUpTest@97e1986]" name="discoveryCategoryFranceSignUp" duration-ms="22465" started-at="2018-06-26T02:16:54Z" finished-at="2018-06-26T02:17:16Z">
          <exception class="org.openqa.selenium.NoSuchElementException">
            <message>
              <![CDATA[no such element: Unable to locate element: {"method":"xpath","selector":"//button[text()='Agree']"}
  (Session info: chrome=67.0.3396.87)
  (Driver info: chromedriver=2.38.552522 (437e6fbedfa8762dec75e2c5b3ddb86763dc9dcb),platform=Windows NT 6.1.7601 SP1 x86_64) (WARNING: The server did not provide any stacktrace information)
Command duration or timeout: 0 milliseconds
For documentation on this error, please visit: http://seleniumhq.org/exceptions/no_such_element.html
Build info: version: '3.12.0', revision: '7c6e0b3', time: '2018-05-08T14:04:26.12Z'
System info: host: 'KLM115009', ip: '169.254.245.251', os.name: 'Windows 7', os.arch: 'amd64', os.version: '6.1', java.version: '1.8.0_172'
Driver info: org.openqa.selenium.chrome.ChromeDriver
Capabilities {acceptInsecureCerts: false, acceptSslCerts: false, applicationCacheEnabled: false, browserConnectionEnabled: false, browserName: chrome, chrome: {chromedriverVersion: 2.38.552522 (437e6fbedfa876..., userDataDir: C:\Users\X085271\AppData\Lo...}, cssSelectorsEnabled: true, databaseEnabled: false, handlesAlerts: true, hasTouchScreen: false, javascriptEnabled: true, locationContextEnabled: true, mobileEmulationEnabled: false, nativeEvents: true, networkConnectionEnabled: false, pageLoadStrategy: normal, platform: XP, platformName: XP, rotatable: false, setWindowRect: true, takesHeapSnapshot: true, takesScreenshot: true, unexpectedAlertBehaviour: , unhandledPromptBehavior: , version: 67.0.3396.87, webStorageEnabled: true}
Session ID: 19f8beb044fb596f05e772383b2e815f
*** Element info: {Using=xpath, value=//button[text()='Agree']}]]>
            </message>
            <full-stacktrace>
              <![CDATA[org.openqa.selenium.NoSuchElementException: no such element: Unable to locate element: {"method":"xpath","selector":"//button[text()='Agree']"}
  (Session info: chrome=67.0.3396.87)
  (Driver info: chromedriver=2.38.552522 (437e6fbedfa8762dec75e2c5b3ddb86763dc9dcb),platform=Windows NT 6.1.7601 SP1 x86_64) (WARNING: The server did not provide any stacktrace information)
Command duration or timeout: 0 milliseconds
For documentation on this error, please visit: http://seleniumhq.org/exceptions/no_such_element.html
Build info: version: '3.12.0', revision: '7c6e0b3', time: '2018-05-08T14:04:26.12Z'
System info: host: 'KLM115009', ip: '169.254.245.251', os.name: 'Windows 7', os.arch: 'amd64', os.version: '6.1', java.version: '1.8.0_172'
Driver info: org.openqa.selenium.chrome.ChromeDriver
Capabilities {acceptInsecureCerts: false, acceptSslCerts: false, applicationCacheEnabled: false, browserConnectionEnabled: false, browserName: chrome, chrome: {chromedriverVersion: 2.38.552522 (437e6fbedfa876..., userDataDir: C:\Users\X085271\AppData\Lo...}, cssSelectorsEnabled: true, databaseEnabled: false, handlesAlerts: true, hasTouchScreen: false, javascriptEnabled: true, locationContextEnabled: true, mobileEmulationEnabled: false, nativeEvents: true, networkConnectionEnabled: false, pageLoadStrategy: normal, platform: XP, platformName: XP, rotatable: false, setWindowRect: true, takesHeapSnapshot: true, takesScreenshot: true, unexpectedAlertBehaviour: , unhandledPromptBehavior: , version: 67.0.3396.87, webStorageEnabled: true}
Session ID: 19f8beb044fb596f05e772383b2e815f
*** Element info: {Using=xpath, value=//button[text()='Agree']}
at sun.reflect.NativeConstructorAccessorImpl.newInstance0(Native Method)
at sun.reflect.NativeConstructorAccessorImpl.newInstance(NativeConstructorAccessorImpl.java:62)
at sun.reflect.DelegatingConstructorAccessorImpl.newInstance(DelegatingConstructorAccessorImpl.java:45)
at java.lang.reflect.Constructor.newInstance(Constructor.java:423)
at org.openqa.selenium.remote.ErrorHandler.createThrowable(ErrorHandler.java:214)
at org.openqa.selenium.remote.ErrorHandler.throwIfResponseFailed(ErrorHandler.java:166)
at org.openqa.selenium.remote.http.JsonHttpResponseCodec.reconstructValue(JsonHttpResponseCodec.java:40)
at org.openqa.selenium.remote.http.AbstractHttpResponseCodec.decode(AbstractHttpResponseCodec.java:80)
at org.openqa.selenium.remote.http.AbstractHttpResponseCodec.decode(AbstractHttpResponseCodec.java:44)
at org.openqa.selenium.remote.HttpCommandExecutor.execute(HttpCommandExecutor.java:158)
at org.openqa.selenium.remote.service.DriverCommandExecutor.execute(DriverCommandExecutor.java:83)
at org.openqa.selenium.remote.RemoteWebDriver.execute(RemoteWebDriver.java:543)
at org.openqa.selenium.remote.RemoteWebDriver.findElement(RemoteWebDriver.java:317)
at org.openqa.selenium.remote.RemoteWebDriver.findElementByXPath(RemoteWebDriver.java:419)
at org.openqa.selenium.By$ByXPath.findElement(By.java:353)
at org.openqa.selenium.remote.RemoteWebDriver.findElement(RemoteWebDriver.java:309)
at org.openqa.selenium.support.pagefactory.DefaultElementLocator.findElement(DefaultElementLocator.java:69)
at org.openqa.selenium.support.pagefactory.internal.LocatingElementHandler.invoke(LocatingElementHandler.java:38)
at com.sun.proxy.$Proxy9.getWrappedElement(Unknown Source)
at org.openqa.selenium.remote.internal.WebElementToJsonConverter.apply(WebElementToJsonConverter.java:51)
at java.util.stream.ReferencePipeline$3$1.accept(ReferencePipeline.java:193)
at java.util.Spliterators$ArraySpliterator.forEachRemaining(Spliterators.java:948)
at java.util.stream.AbstractPipeline.copyInto(AbstractPipeline.java:481)
at java.util.stream.AbstractPipeline.wrapAndCopyInto(AbstractPipeline.java:471)
at java.util.stream.ReduceOps$ReduceOp.evaluateSequential(ReduceOps.java:708)
at java.util.stream.AbstractPipeline.evaluate(AbstractPipeline.java:234)
at java.util.stream.ReferencePipeline.collect(ReferencePipeline.java:499)
at org.openqa.selenium.remote.RemoteWebDriver.executeScript(RemoteWebDriver.java:475)
at Utilities.ClientUtils.scrollTillElementIsVisible(ClientUtils.java:62)
at testCases.SignUpTest.creditCardPaymentMethodFrance(SignUpTest.java:353)
at testCases.SignUpTest.discoveryCategoryFranceSignUp(SignUpTest.java:36)
at sun.reflect.NativeMethodAccessorImpl.invoke0(Native Method)
at sun.reflect.NativeMethodAccessorImpl.invoke(NativeMethodAccessorImpl.java:62)
at sun.reflect.DelegatingMethodAccessorImpl.invoke(DelegatingMethodAccessorImpl.java:43)
at java.lang.reflect.Method.invoke(Method.java:498)
at org.testng.internal.MethodInvocationHelper.invokeMethod(MethodInvocationHelper.java:124)
at org.testng.internal.Invoker.invokeMethod(Invoker.java:583)
at org.testng.internal.Invoker.invokeTestMethod(Invoker.java:719)
at org.testng.internal.Invoker.invokeTestMethods(Invoker.java:989)
at org.testng.internal.TestMethodWorker.invokeTestMethods(TestMethodWorker.java:125)
at org.testng.internal.TestMethodWorker.run(TestMethodWorker.java:109)
at org.testng.TestRunner.privateRun(TestRunner.java:648)
at org.testng.TestRunner.run(TestRunner.java:505)
at org.testng.SuiteRunner.runTest(SuiteRunner.java:455)
at org.testng.SuiteRunner.runSequentially(SuiteRunner.java:450)
at org.testng.SuiteRunner.privateRun(SuiteRunner.java:415)
at org.testng.SuiteRunner.run(SuiteRunner.java:364)
at org.testng.SuiteRunnerWorker.runSuite(SuiteRunnerWorker.java:52)
at org.testng.SuiteRunnerWorker.run(SuiteRunnerWorker.java:84)
at org.testng.TestNG.runSuitesSequentially(TestNG.java:1208)
at org.testng.TestNG.runSuitesLocally(TestNG.java:1137)
at org.testng.TestNG.runSuites(TestNG.java:1049)
at org.testng.TestNG.run(TestNG.java:1017)
at org.apache.maven.surefire.testng.TestNGExecutor.run(TestNGExecutor.java:283)
at org.apache.maven.surefire.testng.TestNGXmlTestSuite.execute(TestNGXmlTestSuite.java:75)
at org.apache.maven.surefire.testng.TestNGProvider.invoke(TestNGProvider.java:120)
at org.apache.maven.surefire.booter.ForkedBooter.invokeProviderInSameClassLoader(ForkedBooter.java:383)
at org.apache.maven.surefire.booter.ForkedBooter.runSuitesInProcess(ForkedBooter.java:344)
at org.apache.maven.surefire.booter.ForkedBooter.execute(ForkedBooter.java:125)
at org.apache.maven.surefire.booter.ForkedBooter.main(ForkedBooter.java:417)
]]>
            </full-stacktrace>
          </exception> <!-- org.openqa.selenium.NoSuchElementException -->
          <reporter-output>
          </reporter-output>
        </test-method> <!-- discoveryCategoryFranceSignUp -->
        <test-method status="PASS" signature="atearDown()[pri:0, instance:testCases.SignUpTest@97e1986]" name="atearDown" is-config="true" duration-ms="681" started-at="2018-06-26T02:17:16Z" finished-at="2018-06-26T02:17:17Z">
          <reporter-output>
          </reporter-output>
        </test-method> <!-- atearDown -->
        <test-method status="PASS" signature="getResult(org.testng.ITestResult)[pri:0, instance:testCases.SignUpTest@97e1986]" name="getResult" is-config="true" duration-ms="57" started-at="2018-06-26T02:17:17Z" finished-at="2018-06-26T02:17:17Z">
          <params>
            <param index="0">
              <value>
                <![CDATA[[TestResult name=discoveryCategoryFranceSignUp status=FAILURE method=SignUpTest.discoveryCategoryFranceSignUp()[pri:0, instance:testCases.SignUpTest@97e1986] output={null}]]]>
              </value>
            </param>
          </params>
          <reporter-output>
          </reporter-output>
        </test-method> <!-- getResult -->
        <test-method status="PASS" signature="setUp()[pri:0, instance:testCases.SignUpTest@97e1986]" name="setUp" is-config="true" duration-ms="3991" started-at="2018-06-26T02:17:17Z" finished-at="2018-06-26T02:17:21Z">
          <reporter-output>
          </reporter-output>
        </test-method> <!-- setUp -->
        <test-method status="PASS" signature="emailValidation()[pri:0, instance:testCases.SignUpTest@97e1986]" name="emailValidation" duration-ms="10127" started-at="2018-06-26T02:17:21Z" finished-at="2018-06-26T02:17:31Z">
          <reporter-output>
          </reporter-output>
        </test-method> <!-- emailValidation -->
        <test-method status="PASS" signature="atearDown()[pri:0, instance:testCases.SignUpTest@97e1986]" name="atearDown" is-config="true" duration-ms="695" started-at="2018-06-26T02:17:31Z" finished-at="2018-06-26T02:17:32Z">
          <reporter-output>
          </reporter-output>
        </test-method> <!-- atearDown -->
        <test-method status="PASS" signature="getResult(org.testng.ITestResult)[pri:0, instance:testCases.SignUpTest@97e1986]" name="getResult" is-config="true" duration-ms="18" started-at="2018-06-26T02:17:32Z" finished-at="2018-06-26T02:17:32Z">
          <params>
            <param index="0">
              <value>
                <![CDATA[[TestResult name=emailValidation status=SUCCESS method=SignUpTest.emailValidation()[pri:0, instance:testCases.SignUpTest@97e1986] output={null}]]]>
              </value>
            </param>
          </params>
          <reporter-output>
          </reporter-output>
        </test-method> <!-- getResult -->
        <test-method status="PASS" signature="setUp()[pri:0, instance:testCases.SignUpTest@97e1986]" name="setUp" is-config="true" duration-ms="4027" started-at="2018-06-26T02:17:32Z" finished-at="2018-06-26T02:17:36Z">
          <reporter-output>
          </reporter-output>
        </test-method> <!-- setUp -->
        <test-method status="PASS" signature="errorValidationMessagesCheck()[pri:0, instance:testCases.SignUpTest@97e1986]" name="errorValidationMessagesCheck" duration-ms="8846" started-at="2018-06-26T02:17:36Z" finished-at="2018-06-26T02:17:45Z">
          <reporter-output>
          </reporter-output>
        </test-method> <!-- errorValidationMessagesCheck -->
        <test-method status="PASS" signature="atearDown()[pri:0, instance:testCases.SignUpTest@97e1986]" name="atearDown" is-config="true" duration-ms="681" started-at="2018-06-26T02:17:45Z" finished-at="2018-06-26T02:17:45Z">
          <reporter-output>
          </reporter-output>
        </test-method> <!-- atearDown -->
        <test-method status="PASS" signature="getResult(org.testng.ITestResult)[pri:0, instance:testCases.SignUpTest@97e1986]" name="getResult" is-config="true" duration-ms="6" started-at="2018-06-26T02:17:45Z" finished-at="2018-06-26T02:17:45Z">
          <params>
            <param index="0">
              <value>
                <![CDATA[[TestResult name=errorValidationMessagesCheck status=SUCCESS method=SignUpTest.errorValidationMessagesCheck()[pri:0, instance:testCases.SignUpTest@97e1986] output={null}]]]>
              </value>
            </param>
          </params>
          <reporter-output>
          </reporter-output>
        </test-method> <!-- getResult -->
        <test-method status="PASS" signature="setUp()[pri:0, instance:testCases.SignUpTest@97e1986]" name="setUp" is-config="true" duration-ms="4553" started-at="2018-06-26T02:17:45Z" finished-at="2018-06-26T02:17:50Z">
          <reporter-output>
          </reporter-output>
        </test-method> <!-- setUp -->
        <test-method status="PASS" signature="licensePlateNumberValidation()[pri:0, instance:testCases.SignUpTest@97e1986]" name="licensePlateNumberValidation" duration-ms="9481" started-at="2018-06-26T02:17:50Z" finished-at="2018-06-26T02:18:00Z">
          <reporter-output>
          </reporter-output>
        </test-method> <!-- licensePlateNumberValidation -->
        <test-method status="PASS" signature="atearDown()[pri:0, instance:testCases.SignUpTest@97e1986]" name="atearDown" is-config="true" duration-ms="690" started-at="2018-06-26T02:18:00Z" finished-at="2018-06-26T02:18:00Z">
          <reporter-output>
          </reporter-output>
        </test-method> <!-- atearDown -->
        <test-method status="PASS" signature="getResult(org.testng.ITestResult)[pri:0, instance:testCases.SignUpTest@97e1986]" name="getResult" is-config="true" duration-ms="14" started-at="2018-06-26T02:18:00Z" finished-at="2018-06-26T02:18:00Z">
          <params>
            <param index="0">
              <value>
                <![CDATA[[TestResult name=licensePlateNumberValidation status=SUCCESS method=SignUpTest.licensePlateNumberValidation()[pri:0, instance:testCases.SignUpTest@97e1986] output={null}]]]>
              </value>
            </param>
          </params>
          <reporter-output>
          </reporter-output>
        </test-method> <!-- getResult -->
        <test-method status="PASS" signature="setUp()[pri:0, instance:testCases.SignUpTest@97e1986]" name="setUp" is-config="true" duration-ms="3678" started-at="2018-06-26T02:18:00Z" finished-at="2018-06-26T02:18:04Z">
          <reporter-output>
          </reporter-output>
        </test-method> <!-- setUp -->
        <test-method status="PASS" signature="mobileNumberValidation()[pri:0, instance:testCases.SignUpTest@97e1986]" name="mobileNumberValidation" duration-ms="7948" started-at="2018-06-26T02:18:04Z" finished-at="2018-06-26T02:18:12Z">
          <reporter-output>
          </reporter-output>
        </test-method> <!-- mobileNumberValidation -->
        <test-method status="PASS" signature="atearDown()[pri:0, instance:testCases.SignUpTest@97e1986]" name="atearDown" is-config="true" duration-ms="679" started-at="2018-06-26T02:18:12Z" finished-at="2018-06-26T02:18:13Z">
          <reporter-output>
          </reporter-output>
        </test-method> <!-- atearDown -->
        <test-method status="PASS" signature="getResult(org.testng.ITestResult)[pri:0, instance:testCases.SignUpTest@97e1986]" name="getResult" is-config="true" duration-ms="9" started-at="2018-06-26T02:18:13Z" finished-at="2018-06-26T02:18:13Z">
          <params>
            <param index="0">
              <value>
                <![CDATA[[TestResult name=mobileNumberValidation status=SUCCESS method=SignUpTest.mobileNumberValidation()[pri:0, instance:testCases.SignUpTest@97e1986] output={null}]]]>
              </value>
            </param>
          </params>
          <reporter-output>
          </reporter-output>
        </test-method> <!-- getResult -->
        <test-method status="PASS" signature="setUp()[pri:0, instance:testCases.SignUpTest@97e1986]" name="setUp" is-config="true" duration-ms="3526" started-at="2018-06-26T02:18:13Z" finished-at="2018-06-26T02:18:16Z">
          <reporter-output>
          </reporter-output>
        </test-method> <!-- setUp -->
        <test-method status="PASS" signature="passwordValidations()[pri:0, instance:testCases.SignUpTest@97e1986]" name="passwordValidations" duration-ms="8530" started-at="2018-06-26T02:18:16Z" finished-at="2018-06-26T02:18:25Z">
          <reporter-output>
          </reporter-output>
        </test-method> <!-- passwordValidations -->
        <test-method status="PASS" signature="atearDown()[pri:0, instance:testCases.SignUpTest@97e1986]" name="atearDown" is-config="true" duration-ms="681" started-at="2018-06-26T02:18:25Z" finished-at="2018-06-26T02:18:25Z">
          <reporter-output>
          </reporter-output>
        </test-method> <!-- atearDown -->
        <test-method status="PASS" signature="getResult(org.testng.ITestResult)[pri:0, instance:testCases.SignUpTest@97e1986]" name="getResult" is-config="true" duration-ms="14" started-at="2018-06-26T02:18:25Z" finished-at="2018-06-26T02:18:25Z">
          <params>
            <param index="0">
              <value>
                <![CDATA[[TestResult name=passwordValidations status=SUCCESS method=SignUpTest.passwordValidations()[pri:0, instance:testCases.SignUpTest@97e1986] output={null}]]]>
              </value>
            </param>
          </params>
          <reporter-output>
          </reporter-output>
        </test-method> <!-- getResult -->
        <test-method status="PASS" signature="setUp()[pri:0, instance:testCases.SignUpTest@97e1986]" name="setUp" is-config="true" duration-ms="3593" started-at="2018-06-26T02:18:25Z" finished-at="2018-06-26T02:18:29Z">
          <reporter-output>
          </reporter-output>
        </test-method> <!-- setUp -->
        <test-method status="PASS" signature="silverCategoryGermanSignUp()[pri:0, instance:testCases.SignUpTest@97e1986]" name="silverCategoryGermanSignUp" duration-ms="9056" started-at="2018-06-26T02:18:29Z" finished-at="2018-06-26T02:18:38Z">
          <reporter-output>
          </reporter-output>
        </test-method> <!-- silverCategoryGermanSignUp -->
        <test-method status="PASS" signature="atearDown()[pri:0, instance:testCases.SignUpTest@97e1986]" name="atearDown" is-config="true" duration-ms="680" started-at="2018-06-26T02:18:38Z" finished-at="2018-06-26T02:18:39Z">
          <reporter-output>
          </reporter-output>
        </test-method> <!-- atearDown -->
        <test-method status="PASS" signature="getResult(org.testng.ITestResult)[pri:0, instance:testCases.SignUpTest@97e1986]" name="getResult" is-config="true" duration-ms="8" started-at="2018-06-26T02:18:39Z" finished-at="2018-06-26T02:18:39Z">
          <params>
            <param index="0">
              <value>
                <![CDATA[[TestResult name=silverCategoryGermanSignUp status=SUCCESS method=SignUpTest.silverCategoryGermanSignUp()[pri:0, instance:testCases.SignUpTest@97e1986] output={null}]]]>
              </value>
            </param>
          </params>
          <reporter-output>
          </reporter-output>
        </test-method> <!-- getResult -->
        <test-method status="PASS" signature="endReport()[pri:0, instance:testCases.SignUpTest@97e1986]" name="endReport" is-config="true" duration-ms="1" started-at="2018-06-26T02:18:39Z" finished-at="2018-06-26T02:18:39Z">
          <reporter-output>
          </reporter-output>
        </test-method> <!-- endReport -->
      </class> <!-- testCases.SignUpTest -->
    </test> <!-- Automation -->
  </suite> <!-- Suite1 -->
</testng-results>
